app/build/intermediates/manifest_merge_blame_file/debug/manifest-merger-blame-debug-report.txt
1<?xml version="1.0" encoding="utf-8"?>
2<manifest xmlns:android="http://schemas.android.com/apk/res/android"
3    package="com.example.evote"
4    android:versionCode="1"
5    android:versionName="1.0" >
6
7    <uses-sdk
8        android:minSdkVersion="14"
8-->src\main\AndroidManifest.xml
9        android:targetSdkVersion="29" />
9-->src\main\AndroidManifest.xml
10
11    <application
11-->src\main\AndroidManifest.xml:5:5-29:19
12        android:allowBackup="true"
12-->src\main\AndroidManifest.xml:6:9-35
13        android:appComponentFactory="androidx.core.app.CoreComponentFactory"
13-->[androidx.core:core:1.1.0] AndroidManifest.xml:24:18-86
14        android:debuggable="true"
15        android:icon="@mipmap/ic_launcher"
15-->src\main\AndroidManifest.xml:7:9-43
16        android:label="@string/app_name"
16-->src\main\AndroidManifest.xml:8:9-41
17        android:roundIcon="@mipmap/ic_launcher_round"
17-->src\main\AndroidManifest.xml:9:9-54
18        android:supportsRtl="true"
18-->src\main\AndroidManifest.xml:10:9-35
19        android:testOnly="true"
20        android:theme="@style/AppTheme" >
20-->src\main\AndroidManifest.xml:11:9-40
21        <activity android:name="com.example.evote.HelpActivity" />
21-->src\main\AndroidManifest.xml:12:9-59
21-->src\main\AndroidManifest.xml:12:19-47
22        <activity android:name="com.example.evote.ResultActivity" />
22-->src\main\AndroidManifest.xml:13:9-52
22-->src\main\AndroidManifest.xml:13:19-49
23        <activity android:name="com.example.evote.VoteActivity" />
23-->src\main\AndroidManifest.xml:14:9-50
23-->src\main\AndroidManifest.xml:14:19-47
24        <activity android:name="com.example.evote.CandidateProfileActivity" />
24-->src\main\AndroidManifest.xml:15:9-62
24-->src\main\AndroidManifest.xml:15:19-59
25        <activity android:name="com.example.evote.UserProfileActivity" />
25-->src\main\AndroidManifest.xml:16:9-57
25-->src\main\AndroidManifest.xml:16:19-54
26        <activity android:name="com.example.evote.NewsActivity" />
26-->src\main\AndroidManifest.xml:17:9-50
26-->src\main\AndroidManifest.xml:17:19-47
27        <activity android:name="com.example.evote.DashboardActivity" />
27-->src\main\AndroidManifest.xml:18:9-55
27-->src\main\AndroidManifest.xml:18:19-52
28        <activity android:name="com.example.evote.RegisterActivity" />
28-->src\main\AndroidManifest.xml:19:9-54
28-->src\main\AndroidManifest.xml:19:19-51
29        <activity android:name="com.example.evote.LoginActivity" />
29-->src\main\AndroidManifest.xml:20:9-51
29-->src\main\AndroidManifest.xml:20:19-48
30        <activity android:name="com.example.evote.Main2Activity" />
30-->src\main\AndroidManifest.xml:21:9-51
30-->src\main\AndroidManifest.xml:21:19-48
31        <activity android:name="com.example.evote.MainActivity" >
31-->src\main\AndroidManifest.xml:22:9-28:20
31-->src\main\AndroidManifest.xml:22:19-47
32            <intent-filter>
32-->src\main\AndroidManifest.xml:23:13-27:29
33                <action android:name="android.intent.action.MAIN" />
33-->src\main\AndroidManifest.xml:24:17-69
33-->src\main\AndroidManifest.xml:24:25-66
34
35                <category android:name="android.intent.category.LAUNCHER" />
35-->src\main\AndroidManifest.xml:26:17-77
35-->src\main\AndroidManifest.xml:26:27-74
36            </intent-filter>
37        </activity>
38    </application>
39
40</manifest>